<?xml version="1.0" encoding="UTF-8"?>
<testsuite name="nl.tudelft.jpacman.game.GameFactoryTest" tests="1" skipped="0" failures="0" errors="0" timestamp="2017-11-14T03:11:33" hostname="DESKTOP-VSD08AC" time="0.36">
  <properties/>
  <testcase name="getPlayerFactory" classname="nl.tudelft.jpacman.game.GameFactoryTest" time="0.36"/>
  <system-out><![CDATA[]]></system-out>
  <system-err><![CDATA[]]></system-err>
</testsuite>
