<?xml version="1.0" encoding="UTF-8"?>
<testsuite name="nl.tudelft.jpacman.game.SinglePlayerGameTest" tests="2" skipped="0" failures="0" errors="0" timestamp="2017-11-14T03:11:34" hostname="DESKTOP-VSD08AC" time="0.042">
  <properties/>
  <testcase name="getPlayers" classname="nl.tudelft.jpacman.game.SinglePlayerGameTest" time="0.041"/>
  <testcase name="getLevel" classname="nl.tudelft.jpacman.game.SinglePlayerGameTest" time="0.0"/>
  <system-out><![CDATA[]]></system-out>
  <system-err><![CDATA[]]></system-err>
</testsuite>
