<?xml version="1.0" encoding="UTF-8"?>
<testsuite name="nl.tudelft.jpacman.game.GameTest" tests="1" skipped="0" failures="0" errors="0" timestamp="2017-11-14T03:11:34" hostname="DESKTOP-VSD08AC" time="0.015">
  <properties/>
  <testcase name="stop" classname="nl.tudelft.jpacman.game.GameTest" time="0.015"/>
  <system-out><![CDATA[]]></system-out>
  <system-err><![CDATA[]]></system-err>
</testsuite>
